<?xml version="1.0" encoding="UTF-8"?>
<testng-results ignored="0" total="1" passed="1" failed="0" skipped="0">
  <reporter-output>
  </reporter-output>
  <suite started-at="2023-12-22T09:38:36 IST" name="Default suite" finished-at="2023-12-22T09:38:58 IST" duration-ms="22240">
    <groups>
    </groups>
    <test started-at="2023-12-22T09:38:36 IST" name="Default test" finished-at="2023-12-22T09:38:58 IST" duration-ms="22240">
      <class name="com.bfm.project.login">
        <test-method signature="login()[pri:0, instance:com.bfm.project.login@2d52216b]" started-at="2023-12-22T09:38:36 IST" name="login" finished-at="2023-12-22T09:38:58 IST" duration-ms="22202" status="PASS">
          <reporter-output>
          </reporter-output>
        </test-method> <!-- login -->
      </class> <!-- com.bfm.project.login -->
    </test> <!-- Default test -->
  </suite> <!-- Default suite -->
</testng-results>
